
> vibe-generated-app@1.0.0 dev
> vite


  VITE v5.4.20  ready in 248 ms

  ➜  Local:   http://localhost:3000/
  ➜  Network: http://172.20.0.44:3000/
8:08:09 PM [vite] Pre-transform error: Transform failed with 1 error:
/home/workspace/src/App.jsx:77:8: ERROR: Expected "}" but found "{"
8:08:11 PM [vite] Internal server error: Transform failed with 1 error:
/home/workspace/src/App.jsx:77:8: ERROR: Expected "}" but found "{"
  Plugin: vite:esbuild
  File: /home/workspace/src/App.jsx:77:8
  
  Expected "}" but found "{"
  75 |          />
  76 |  
  77 |          {/* Content */}
     |          ^
  78 |          <div className="relative z-10 h-full flex flex-col items-center justify-center text-center px-6">
  79 |            <motion.h1
  
      at failureErrorWithLog (/home/workspace/node_modules/esbuild/lib/main.js:1472:15)
      at /home/workspace/node_modules/esbuild/lib/main.js:755:50
      at responseCallbacks.<computed> (/home/workspace/node_modules/esbuild/lib/main.js:622:9)
      at handleIncomingPacket (/home/workspace/node_modules/esbuild/lib/main.js:677:12)
      at Socket.readFromStdout (/home/workspace/node_modules/esbuild/lib/main.js:600:7)
      at Socket.emit (node:events:508:28)
      at addChunk (node:internal/streams/readable:559:12)
      at readableAddChunkPushByteMode (node:internal/streams/readable:510:3)
      at Readable.push (node:internal/streams/readable:390:5)
      at Pipe.onStreamRead (node:internal/stream_base_commons:189:23)
8:08:19 PM [vite] Internal server error: Transform failed with 1 error:
/home/workspace/src/App.jsx:77:8: ERROR: Expected "}" but found "{"
  Plugin: vite:esbuild
  File: /home/workspace/src/App.jsx:77:8
  
  Expected "}" but found "{"
  75 |          />
  76 |  
  77 |          {/* Content */}
     |          ^
  78 |          <div className="relative z-10 h-full flex flex-col items-center justify-center text-center px-6">
  79 |            <motion.h1
  
      at failureErrorWithLog (/home/workspace/node_modules/esbuild/lib/main.js:1472:15)
      at /home/workspace/node_modules/esbuild/lib/main.js:755:50
      at responseCallbacks.<computed> (/home/workspace/node_modules/esbuild/lib/main.js:622:9)
      at handleIncomingPacket (/home/workspace/node_modules/esbuild/lib/main.js:677:12)
      at Socket.readFromStdout (/home/workspace/node_modules/esbuild/lib/main.js:600:7)
      at Socket.emit (node:events:508:28)
      at addChunk (node:internal/streams/readable:559:12)
      at readableAddChunkPushByteMode (node:internal/streams/readable:510:3)
      at Readable.push (node:internal/streams/readable:390:5)
      at Pipe.onStreamRead (node:internal/stream_base_commons:189:23)
